#
# A fatal error has been detected by the Java Runtime Environment:
#
#  SIGSEGV (0xb) at pc=0x0000000109d499b7, pid=546, tid=0x0000000000004203
#
# JRE version: OpenJDK Runtime Environment (8.0_152-b01) (build 1.8.0_152-release-1024-b01)
# Java VM: OpenJDK 64-Bit Server VM (25.152-b01 mixed mode bsd-amd64 compressed oops)
# Problematic frame:
# V  [libjvm.dylib+0x1499b7]
#
# Failed to write core dump. Core dumps have been disabled. To enable core dumping, try "ulimit -c unlimited" before starting Java again
#
# If you would like to submit a bug report, please visit:
#   http://bugreport.java.com/bugreport/crash.jsp
#

---------------  T H R E A D  ---------------

Current thread (0x00007f907d80c800):  JavaThread "C2 CompilerThread2" daemon [_thread_in_native, id=16899, stack(0x000070000a793000,0x000070000a893000)]

siginfo: si_signo: 11 (SIGSEGV), si_code: 1 (SEGV_MAPERR), si_addr: 0x00007f8e7bdf1e40

Registers:
RAX=0x00007f907f713610, RBX=0x000070000a88fbf0, RCX=0x00000000000005bf, RDX=0xffffffff80000000
RSP=0x000070000a88fa50, RBP=0x000070000a88fa50, RSI=0x00000000000011ee, RDI=0x000070000a8913a0
R8 =0x00000000000028b7, R9 =0x000070000a8912b8, R10=0x00007f907bdf1e40, R11=0x00000000000011ee
R12=0x000070000a8913a0, R13=0x000070000a8912b8, R14=0x000070000a8913a0, R15=0x000070000a88fb28
RIP=0x0000000109d499b7, EFLAGS=0x0000000000010212, ERR=0x0000000000000004
  TRAPNO=0x000000000000000e

Top of Stack: (sp=0x000070000a88fa50)
0x000070000a88fa50:   000070000a88fc80 0000000109d49e8c
0x000070000a88fa60:   0000000000000029 000000010a3afba0
0x000070000a88fa70:   000070000000000d 000070000a892078
0x000070000a88fa80:   000070000a8912b8 0000000000000001
0x000070000a88fa90:   00007f907b8542d0 000000010a3f33f0
0x000070000a88faa0:   000000010a3f33f0 000000010a3f33f0
0x000070000a88fab0:   000000010a3f33f0 000000010a3f33f0
0x000070000a88fac0:   00007f907c443000 000000010a3f33f0
0x000070000a88fad0:   000000010a3f33f0 000000010a3f33f0
0x000070000a88fae0:   000000010a3f33f0 000000010a3f33f0
0x000070000a88faf0:   000000010a3f33f0 000000010a3f33f0
0x000070000a88fb00:   000000010a3f33f0 000000010a3f33f0
0x000070000a88fb10:   000000010a3f33f0 00007f9000000012
0x000070000a88fb20:   00007f90822e8a00 00007f900000000a
0x000070000a88fb30:   000070000a892078 0000000120f41010
0x000070000a88fb40:   0000000120f05010 00007f907c530a10
0x000070000a88fb50:   00007f907c532750 00007f907e29e5b0
0x000070000a88fb60:   000070000a8913e8 000070000a8913c8
0x000070000a88fb70:   00007000000011e6 000070000a88fbf0
0x000070000a88fb80:   0000700000000002 00007f907ad827b0
0x000070000a88fb90:   00007f907ad827b0 00007f907ad827c0
0x000070000a88fba0:   00007f907ad82b98 00000000000003d8
0x000070000a88fbb0:   000070000000000c 000070000a892078
0x000070000a88fbc0:   0000000121e22010 000000010a3e1a01
0x000070000a88fbd0:   0000000121f0e010 00007000000011e6
0x000070000a88fbe0:   000070000a88fbf0 00007f907aea89e0
0x000070000a88fbf0:   0000700000000002 00007f907aea89d0
0x000070000a88fc00:   00007f907b853600 00007f907b854760
0x000070000a88fc10:   00007f907b85b5e8 0000000000302070
0x000070000a88fc20:   000070000a88fbf0 00007f907aea89d0
0x000070000a88fc30:   00007f907aea89e0 00007f907aea8db8
0x000070000a88fc40:   00000000000003d8 000000010a17349b 

Instructions: (pc=0x0000000109d499b7)
0x0000000109d49997:   10 01 00 00 45 85 c0 74 25 31 c9 48 63 c9 4d 8b
0x0000000109d499a7:   91 08 01 00 00 49 8b 81 28 01 00 00 48 63 14 88
0x0000000109d499b7:   41 8b 14 92 89 14 88 ff c1 41 39 c8 75 dd 5d e9
0x0000000109d499c7:   6f fa ff ff 90 55 48 89 e5 41 57 41 56 41 55 41 

Register to memory mapping:

RAX=0x00007f907f713610 is an unknown value
RBX=0x000070000a88fbf0 is pointing into the stack for thread: 0x00007f907d80c800
RCX=0x00000000000005bf is an unknown value
RDX=0xffffffff80000000 is an unknown value
RSP=0x000070000a88fa50 is pointing into the stack for thread: 0x00007f907d80c800
RBP=0x000070000a88fa50 is pointing into the stack for thread: 0x00007f907d80c800
RSI=0x00000000000011ee is an unknown value
RDI=0x000070000a8913a0 is pointing into the stack for thread: 0x00007f907d80c800
R8 =0x00000000000028b7 is an unknown value
R9 =0x000070000a8912b8 is pointing into the stack for thread: 0x00007f907d80c800
R10=0x00007f907bdf1e40 is an unknown value
R11=0x00000000000011ee is an unknown value
R12=0x000070000a8913a0 is pointing into the stack for thread: 0x00007f907d80c800
R13=0x000070000a8912b8 is pointing into the stack for thread: 0x00007f907d80c800
R14=0x000070000a8913a0 is pointing into the stack for thread: 0x00007f907d80c800
R15=0x000070000a88fb28 is pointing into the stack for thread: 0x00007f907d80c800


Stack: [0x000070000a793000,0x000070000a893000],  sp=0x000070000a88fa50,  free space=1010k
Native frames: (J=compiled Java code, j=interpreted, Vv=VM code, C=native code)
V  [libjvm.dylib+0x1499b7]
V  [libjvm.dylib+0x149e8c]
V  [libjvm.dylib+0x1969a0]
V  [libjvm.dylib+0x195388]
V  [libjvm.dylib+0x13b9da]
V  [libjvm.dylib+0x1a067a]
V  [libjvm.dylib+0x19fc78]
V  [libjvm.dylib+0x505e88]
V  [libjvm.dylib+0x505d4d]
V  [libjvm.dylib+0x435709]
C  [libsystem_pthread.dylib+0x36c1]  _pthread_body+0x154
C  [libsystem_pthread.dylib+0x356d]  _pthread_body+0x0
C  [libsystem_pthread.dylib+0x2c5d]  thread_start+0xd
C  0x0000000000000000


Current CompileTask:
C2:1430126 16060       4       com.sun.org.apache.xerces.internal.parsers.AbstractDOMParser::startElement (876 bytes)


---------------  P R O C E S S  ---------------

Java Threads: ( => current thread )
  0x00007f907dd8d000 JavaThread "stdout" daemon [_thread_in_native, id=44831, stack(0x000070000e39a000,0x000070000e49a000)]
  0x00007f907dd8c000 JavaThread "stderr" daemon [_thread_in_native, id=85023, stack(0x000070000e297000,0x000070000e397000)]
  0x00007f9081861000 JavaThread "stdout" daemon [_thread_in_native, id=35359, stack(0x000070000e194000,0x000070000e294000)]
  0x00007f9081860800 JavaThread "stderr" daemon [_thread_in_native, id=44575, stack(0x000070000e091000,0x000070000e191000)]
  0x00007f9081c1e800 JavaThread "stdout" daemon [_thread_in_native, id=85791, stack(0x000070000df38000,0x000070000e038000)]
  0x00007f907f299000 JavaThread "stderr" daemon [_thread_in_native, id=34591, stack(0x000070000de35000,0x000070000df35000)]
  0x00007f907d838000 JavaThread "stdout" daemon [_thread_in_native, id=30495, stack(0x000070000dd32000,0x000070000de32000)]
  0x00007f907e7db000 JavaThread "stderr" daemon [_thread_in_native, id=86303, stack(0x000070000dc2f000,0x000070000dd2f000)]
  0x00007f907e7da000 JavaThread "stdout" daemon [_thread_in_native, id=47391, stack(0x000070000db2c000,0x000070000dc2c000)]
  0x00007f907e6dc000 JavaThread "stderr" daemon [_thread_in_native, id=41767, stack(0x000070000da29000,0x000070000db29000)]
  0x00007f9084240000 JavaThread "stdout" daemon [_thread_in_native, id=25127, stack(0x000070000d926000,0x000070000da26000)]
  0x00007f907c557800 JavaThread "stderr" daemon [_thread_in_native, id=33827, stack(0x000070000d69e000,0x000070000d79e000)]
  0x00007f907e6db000 JavaThread "stdout" daemon [_thread_in_native, id=36379, stack(0x000070000d570000,0x000070000d670000)]
  0x00007f907bc12800 JavaThread "stderr" daemon [_thread_in_native, id=46879, stack(0x000070000d46d000,0x000070000d56d000)]
  0x00007f907dd77000 JavaThread "stdout" daemon [_thread_in_native, id=27171, stack(0x000070000d33f000,0x000070000d43f000)]
  0x00007f90818c9000 JavaThread "stderr" daemon [_thread_in_native, id=38699, stack(0x000070000d23c000,0x000070000d33c000)]
  0x00007f9081952000 JavaThread "queued-resource-processor_64" daemon [_thread_blocked, id=80415, stack(0x000070000d10e000,0x000070000d20e000)]
  0x00007f907c556800 JavaThread "queued-resource-processor_63" daemon [_thread_blocked, id=25379, stack(0x000070000d00b000,0x000070000d10b000)]
  0x00007f907f29a800 JavaThread "queued-resource-processor_62" daemon [_thread_blocked, id=26663, stack(0x000070000cf08000,0x000070000d008000)]
  0x00007f9082033800 JavaThread "queued-resource-processor_61" daemon [_thread_blocked, id=26915, stack(0x000070000ce05000,0x000070000cf05000)]
  0x00007f907c22a800 JavaThread "queued-resource-processor_60" daemon [_thread_blocked, id=27931, stack(0x000070000cd02000,0x000070000ce02000)]
  0x00007f9084388000 JavaThread "queued-resource-processor_59" daemon [_thread_blocked, id=31011, stack(0x000070000cbff000,0x000070000ccff000)]
  0x00007f907c44f000 JavaThread "queued-resource-processor_58" daemon [_thread_blocked, id=83231, stack(0x000070000cafc000,0x000070000cbfc000)]
  0x00007f9084567000 JavaThread "queued-resource-processor_57" daemon [_thread_blocked, id=34851, stack(0x000070000c9f9000,0x000070000caf9000)]
  0x00007f908414a000 JavaThread "pool-8-thread-1" [_thread_blocked, id=25887, stack(0x000070000e49d000,0x000070000e59d000)]
  0x00007f907b86d800 JavaThread "process reaper" daemon [_thread_in_native, id=43803, stack(0x000070000e066000,0x000070000e08e000)]
  0x00007f907e218800 JavaThread "process reaper" daemon [_thread_in_native, id=37399, stack(0x000070000e03b000,0x000070000e063000)]
  0x00007f9083f89000 JavaThread "process reaper" daemon [_thread_in_native, id=33307, stack(0x000070000d7f7000,0x000070000d81f000)]
  0x00007f9083f87800 JavaThread "process reaper" daemon [_thread_in_native, id=40223, stack(0x000070000d7cc000,0x000070000d7f4000)]
  0x00007f907c44e800 JavaThread "process reaper" daemon [_thread_in_native, id=30239, stack(0x000070000d7a1000,0x000070000d7c9000)]
  0x00007f9083f86800 JavaThread "process reaper" daemon [_thread_in_native, id=35871, stack(0x000070000d673000,0x000070000d69b000)]
  0x00007f907bc11800 JavaThread "process reaper" daemon [_thread_in_native, id=83739, stack(0x000070000d442000,0x000070000d46a000)]
  0x00007f9081a59000 JavaThread "process reaper" daemon [_thread_in_native, id=45851, stack(0x000070000d211000,0x000070000d239000)]
  0x00007f9081339800 JavaThread "Task worker for ':' Thread 7" [_thread_blocked, id=84243, stack(0x000070000c8f6000,0x000070000c9f6000)]
  0x00007f9081339000 JavaThread "Task worker for ':' Thread 6" [_thread_blocked, id=37647, stack(0x000070000c7f3000,0x000070000c8f3000)]
  0x00007f907b2ce800 JavaThread "Task worker for ':' Thread 5" [_thread_blocked, id=85523, stack(0x000070000c6f0000,0x000070000c7f0000)]
  0x00007f907b2ce000 JavaThread "Task worker for ':' Thread 4" [_thread_blocked, id=31507, stack(0x000070000c5ed000,0x000070000c6ed000)]
  0x00007f9084143800 JavaThread "Task worker for ':' Thread 3" [_thread_blocked, id=86811, stack(0x000070000c4ea000,0x000070000c5ea000)]
  0x00007f907f354800 JavaThread "Task worker for ':' Thread 2" [_thread_blocked, id=28943, stack(0x000070000c3e7000,0x000070000c4e7000)]
  0x00007f907e219800 JavaThread "Task worker for ':'" [_thread_blocked, id=44315, stack(0x000070000c2e4000,0x000070000c3e4000)]
  0x00007f907e6da000 JavaThread "Cache worker for Build Output Cleanup Cache (/Users/annascott/Downloads/Pets/.gradle/buildOutputCleanup)" [_thread_blocked, id=23331, stack(0x000070000c1e1000,0x000070000c2e1000)]
  0x00007f9083feb800 JavaThread "Cache worker for task history cache (/Users/annascott/Downloads/Pets/.gradle/4.4/taskHistory)" [_thread_blocked, id=40739, stack(0x000070000c0de000,0x000070000c1de000)]
  0x00007f9083feb000 JavaThread "Cache worker for file content cache (/Users/annascott/Downloads/Pets/.gradle/4.4/fileContent)" [_thread_blocked, id=47123, stack(0x000070000bed8000,0x000070000bfd8000)]
  0x00007f908135c800 JavaThread "build operations Thread 8" [_thread_blocked, id=81427, stack(0x000070000bdd5000,0x000070000bed5000)]
  0x00007f907de38000 JavaThread "build operations Thread 7" [_thread_blocked, id=33043, stack(0x000070000bcd2000,0x000070000bdd2000)]
  0x00007f907f5f3000 JavaThread "build operations Thread 6" [_thread_blocked, id=38159, stack(0x000070000bbcf000,0x000070000bccf000)]
  0x00007f907c229800 JavaThread "build operations Thread 5" [_thread_blocked, id=23843, stack(0x000070000bacc000,0x000070000bbcc000)]
  0x00007f90813e2000 JavaThread "build operations Thread 4" [_thread_blocked, id=46363, stack(0x000070000b9c9000,0x000070000bac9000)]
  0x00007f907f1d6800 JavaThread "build operations Thread 3" [_thread_blocked, id=29727, stack(0x000070000b8c6000,0x000070000b9c6000)]
  0x00007f907f754000 JavaThread "build operations Thread 2" [_thread_blocked, id=32791, stack(0x000070000b7c3000,0x000070000b8c3000)]
  0x00007f907c229000 JavaThread "build operations" [_thread_blocked, id=4631, stack(0x000070000b6c0000,0x000070000b7c0000)]
  0x00007f907d5f0800 JavaThread "Cache worker for Artifact transforms cache (/Users/annascott/.gradle/caches/transforms-1)" [_thread_blocked, id=39963, stack(0x000070000b5bd000,0x000070000b6bd000)]
  0x00007f90811f6000 JavaThread "Cache worker for file hash cache (/Users/annascott/Downloads/Pets/.gradle/4.4/fileHashes)" [_thread_blocked, id=80663, stack(0x000070000b2b4000,0x000070000b3b4000)]
  0x00007f907e7d9000 JavaThread "Stdin handler" [_thread_blocked, id=31255, stack(0x000070000b1b1000,0x000070000b2b1000)]
  0x00007f907e523800 JavaThread "Asynchronous log dispatcher for DefaultDaemonConnection: socket connection from /127.0.0.1:49490 to /127.0.0.1:49715" [_thread_blocked, id=47639, stack(0x000070000b0ae000,0x000070000b1ae000)]
  0x00007f9082d29800 JavaThread "Daemon worker Thread 6" [_thread_blocked, id=36627, stack(0x000070000afab000,0x000070000b0ab000)]
  0x00007f9082cdb800 JavaThread "Cancel handler" [_thread_blocked, id=81943, stack(0x000070000aea8000,0x000070000afa8000)]
  0x00007f907bbbd000 JavaThread "Handler for socket connection from /127.0.0.1:49490 to /127.0.0.1:49715" [_thread_in_native, id=36879, stack(0x000070000ada5000,0x000070000aea5000)]
  0x00007f9082948800 JavaThread "Daemon Thread 6" [_thread_blocked, id=22295, stack(0x0000700009760000,0x0000700009860000)]
  0x00007f9080b9c000 JavaThread "Java2D Disposer" daemon [_thread_blocked, id=44035, stack(0x000070000d823000,0x000070000d923000)]
  0x00007f90821a8000 JavaThread "AWT-AppKit" daemon [_thread_in_native, id=775, stack(0x00007ffee687d000,0x00007ffee707d000)]
  0x00007f908171e800 JavaThread "Memory manager" [_thread_blocked, id=3591, stack(0x000070000bfdb000,0x000070000c0db000)]
  0x00007f907dacb800 JavaThread "File lock request listener" [_thread_in_native, id=24067, stack(0x000070000b4ba000,0x000070000b5ba000)]
  0x00007f907e4cb000 JavaThread "Cache worker for file hash cache (/Users/annascott/.gradle/caches/4.4/fileHashes)" [_thread_blocked, id=41219, stack(0x000070000b3b7000,0x000070000b4b7000)]
  0x00007f907e449000 JavaThread "Daemon periodic checks" [_thread_blocked, id=42755, stack(0x000070000aca2000,0x000070000ada2000)]
  0x00007f907da74000 JavaThread "Incoming local TCP Connector on port 49490" [_thread_in_native, id=43267, stack(0x000070000ab9f000,0x000070000ac9f000)]
  0x00007f907d03e800 JavaThread "Service Thread" daemon [_thread_blocked, id=16387, stack(0x000070000a999000,0x000070000aa99000)]
  0x00007f907d020000 JavaThread "C1 CompilerThread3" daemon [_thread_blocked, id=16643, stack(0x000070000a896000,0x000070000a996000)]
=>0x00007f907d80c800 JavaThread "C2 CompilerThread2" daemon [_thread_in_native, id=16899, stack(0x000070000a793000,0x000070000a893000)]
  0x00007f907d835800 JavaThread "C2 CompilerThread1" daemon [_thread_in_native, id=17411, stack(0x000070000a690000,0x000070000a790000)]
  0x00007f907d80b000 JavaThread "C2 CompilerThread0" daemon [_thread_in_native, id=14851, stack(0x000070000a58d000,0x000070000a68d000)]
  0x00007f907d835000 JavaThread "Signal Dispatcher" daemon [_thread_blocked, id=17675, stack(0x000070000a48a000,0x000070000a58a000)]
  0x00007f907b00e800 JavaThread "Finalizer" daemon [_thread_blocked, id=13315, stack(0x000070000a387000,0x000070000a487000)]
  0x00007f907d824800 JavaThread "Reference Handler" daemon [_thread_blocked, id=13059, stack(0x000070000a284000,0x000070000a384000)]
  0x00007f907d802000 JavaThread "main" [_thread_blocked, id=9987, stack(0x0000700009866000,0x0000700009966000)]

Other Threads:
  0x00007f907d01e000 VMThread [stack: 0x000070000a181000,0x000070000a281000] [id=20227]
  0x00007f907d020800 WatcherThread [stack: 0x000070000aa9c000,0x000070000ab9c000] [id=16131]

VM state:not at safepoint (normal execution)

VM Mutex/Monitor currently owned by a thread: None

Heap:
 PSYoungGen      total 487936K, used 376829K [0x00000007a0000000, 0x00000007c0000000, 0x00000007c0000000)
  eden space 457728K, 75% used [0x00000007a0000000,0x00000007b52b5f90,0x00000007bbf00000)
  from space 30208K, 99% used [0x00000007bbf00000,0x00000007bdc494e8,0x00000007bdc80000)
  to   space 36352K, 0% used [0x00000007bdc80000,0x00000007bdc80000,0x00000007c0000000)
 ParOldGen       total 199168K, used 50882K [0x0000000760000000, 0x000000076c280000, 0x00000007a0000000)
  object space 199168K, 25% used [0x0000000760000000,0x00000007631b09c8,0x000000076c280000)
 Metaspace       used 81030K, capacity 84446K, committed 84756K, reserved 1122304K
  class space    used 10404K, capacity 11194K, committed 11284K, reserved 1048576K

Card table byte_map: [0x000000010aa7a000,0x000000010ad7b000] byte_map_base: 0x0000000106f7a000

Marking Bits: (ParMarkBitMap*) 0x000000010a3f81c8
 Begin Bits: [0x000000010af7b000, 0x000000010c77b000)
 End Bits:   [0x000000010c77b000, 0x000000010df7b000)

Polling page: 0x0000000108bff000

CodeCache: size=245760Kb used=43774Kb max_used=43801Kb free=201985Kb
 bounds [0x000000010f339000, 0x0000000111e49000, 0x000000011e339000]
 total_blobs=13827 nmethods=12872 adapters=868
 compilation: enabled

Compilation events (10 events):
Event: 1430.035 Thread 0x00007f907d020000 16104       2       sun.misc.FloatingDecimal::getBinaryToASCIIConverter (6 bytes)
Event: 1430.035 Thread 0x00007f907d020000 nmethod 16104 0x000000010fdfd690 code [0x000000010fdfd800, 0x000000010fdfd948]
Event: 1430.042 Thread 0x00007f907d020000 16105       2       org.gradle.internal.nativeintegration.services.FileSystems::getDefault (13 bytes)
Event: 1430.043 Thread 0x00007f907d020000 nmethod 16105 0x000000010fba7bd0 code [0x000000010fba7da0, 0x000000010fba82d8]
Event: 1430.044 Thread 0x00007f907d020000 16107   !   2       com.google.gson.Gson::getAdapter (257 bytes)
Event: 1430.050 Thread 0x00007f907d020000 nmethod 16107 0x0000000111e34190 code [0x0000000111e344a0, 0x0000000111e35368]
Event: 1430.051 Thread 0x00007f907d020000 16106       2       org.gradle.api.internal.file.pattern.PatternStepFactory::getStep (300 bytes)
Event: 1430.053 Thread 0x00007f907d020000 nmethod 16106 0x0000000111e36550 code [0x0000000111e367e0, 0x0000000111e37698]
Event: 1430.116 Thread 0x00007f907d80b000 nmethod 16073 0x0000000111e3d350 code [0x0000000111e3d840, 0x0000000111e40e60]
Event: 1430.118 Thread 0x00007f907d80b000 16097       4       com.android.ide.common.res2.NodeUtils::duplicateNode (315 bytes)

GC Heap History (10 events):
Event: 39.686 GC heap before
{Heap before GC invocations=10 (full 2):
 PSYoungGen      total 323072K, used 19225K [0x00000007a0000000, 0x00000007bd100000, 0x00000007c0000000)
  eden space 308224K, 1% used [0x00000007a0000000,0x00000007a0449b78,0x00000007b2d00000)
  from space 14848K, 99% used [0x00000007b2d00000,0x00000007b3b7cb20,0x00000007b3b80000)
  to   space 23040K, 0% used [0x00000007bba80000,0x00000007bba80000,0x00000007bd100000)
 ParOldGen       total 165888K, used 29466K [0x0000000760000000, 0x000000076a200000, 0x00000007a0000000)
  object space 165888K, 17% used [0x0000000760000000,0x0000000761cc6b08,0x000000076a200000)
 Metaspace       used 57331K, capacity 58956K, committed 59028K, reserved 1099776K
  class space    used 7627K, capacity 8065K, committed 8084K, reserved 1048576K
Event: 39.702 GC heap after
Heap after GC invocations=10 (full 2):
 PSYoungGen      total 453632K, used 15017K [0x00000007a0000000, 0x00000007c0000000, 0x00000007c0000000)
  eden space 430592K, 0% used [0x00000007a0000000,0x00000007a0000000,0x00000007ba480000)
  from space 23040K, 65% used [0x00000007bba80000,0x00000007bc92a458,0x00000007bd100000)
  to   space 22528K, 0% used [0x00000007ba480000,0x00000007ba480000,0x00000007bba80000)
 ParOldGen       total 165888K, used 29474K [0x0000000760000000, 0x000000076a200000, 0x00000007a0000000)
  object space 165888K, 17% used [0x0000000760000000,0x0000000761cc8b08,0x000000076a200000)
 Metaspace       used 57331K, capacity 58956K, committed 59028K, reserved 1099776K
  class space    used 7627K, capacity 8065K, committed 8084K, reserved 1048576K
}
Event: 39.702 GC heap before
{Heap before GC invocations=11 (full 3):
 PSYoungGen      total 453632K, used 15017K [0x00000007a0000000, 0x00000007c0000000, 0x00000007c0000000)
  eden space 430592K, 0% used [0x00000007a0000000,0x00000007a0000000,0x00000007ba480000)
  from space 23040K, 65% used [0x00000007bba80000,0x00000007bc92a458,0x00000007bd100000)
  to   space 22528K, 0% used [0x00000007ba480000,0x00000007ba480000,0x00000007bba80000)
 ParOldGen       total 165888K, used 29474K [0x0000000760000000, 0x000000076a200000, 0x00000007a0000000)
  object space 165888K, 17% used [0x0000000760000000,0x0000000761cc8b08,0x000000076a200000)
 Metaspace       used 57331K, capacity 58956K, committed 59028K, reserved 1099776K
  class space    used 7627K, capacity 8065K, committed 8084K, reserved 1048576K
Event: 39.893 GC heap after
Heap after GC invocations=11 (full 3):
 PSYoungGen      total 453632K, used 0K [0x00000007a0000000, 0x00000007c0000000, 0x00000007c0000000)
  eden space 430592K, 0% used [0x00000007a0000000,0x00000007a0000000,0x00000007ba480000)
  from space 23040K, 0% used [0x00000007bba80000,0x00000007bba80000,0x00000007bd100000)
  to   space 22528K, 0% used [0x00000007ba480000,0x00000007ba480000,0x00000007bba80000)
 ParOldGen       total 199168K, used 40770K [0x0000000760000000, 0x000000076c280000, 0x00000007a0000000)
  object space 199168K, 20% used [0x0000000760000000,0x00000007627d0858,0x000000076c280000)
 Metaspace       used 57293K, capacity 58850K, committed 59028K, reserved 1099776K
  class space    used 7616K, capacity 8051K, committed 8084K, reserved 1048576K
}
Event: 310.089 GC heap before
{Heap before GC invocations=12 (full 3):
 PSYoungGen      total 453632K, used 430592K [0x00000007a0000000, 0x00000007c0000000, 0x00000007c0000000)
  eden space 430592K, 100% used [0x00000007a0000000,0x00000007ba480000,0x00000007ba480000)
  from space 23040K, 0% used [0x00000007bba80000,0x00000007bba80000,0x00000007bd100000)
  to   space 22528K, 0% used [0x00000007ba480000,0x00000007ba480000,0x00000007bba80000)
 ParOldGen       total 199168K, used 40770K [0x0000000760000000, 0x000000076c280000, 0x00000007a0000000)
  object space 199168K, 20% used [0x0000000760000000,0x00000007627d0858,0x000000076c280000)
 Metaspace       used 66583K, capacity 68886K, committed 69140K, reserved 1110016K
  class space    used 8776K, capacity 9388K, committed 9492K, reserved 1048576K
Event: 310.114 GC heap after
Heap after GC invocations=12 (full 3):
 PSYoungGen      total 453120K, used 22497K [0x00000007a0000000, 0x00000007c0000000, 0x00000007c0000000)
  eden space 430592K, 0% used [0x00000007a0000000,0x00000007a0000000,0x00000007ba480000)
  from space 22528K, 99% used [0x00000007ba480000,0x00000007bba78748,0x00000007bba80000)
  to   space 28672K, 0% used [0x00000007be400000,0x00000007be400000,0x00000007c0000000)
 ParOldGen       total 199168K, used 47776K [0x0000000760000000, 0x000000076c280000, 0x00000007a0000000)
  object space 199168K, 23% used [0x0000000760000000,0x0000000762ea83c0,0x000000076c280000)
 Metaspace       used 66583K, capacity 68886K, committed 69140K, reserved 1110016K
  class space    used 8776K, capacity 9388K, committed 9492K, reserved 1048576K
}
Event: 675.156 GC heap before
{Heap before GC invocations=13 (full 3):
 PSYoungGen      total 453120K, used 453089K [0x00000007a0000000, 0x00000007c0000000, 0x00000007c0000000)
  eden space 430592K, 100% used [0x00000007a0000000,0x00000007ba480000,0x00000007ba480000)
  from space 22528K, 99% used [0x00000007ba480000,0x00000007bba78748,0x00000007bba80000)
  to   space 28672K, 0% used [0x00000007be400000,0x00000007be400000,0x00000007c0000000)
 ParOldGen       total 199168K, used 47776K [0x0000000760000000, 0x000000076c280000, 0x00000007a0000000)
  object space 199168K, 23% used [0x0000000760000000,0x0000000762ea83c0,0x000000076c280000)
 Metaspace       used 74534K, capacity 77328K, committed 77460K, reserved 1116160K
  class space    used 9659K, capacity 10317K, committed 10388K, reserved 1048576K
Event: 675.200 GC heap after
Heap after GC invocations=13 (full 3):
 PSYoungGen      total 486400K, used 28640K [0x00000007a0000000, 0x00000007c0000000, 0x00000007c0000000)
  eden space 457728K, 0% used [0x00000007a0000000,0x00000007a0000000,0x00000007bbf00000)
  from space 28672K, 99% used [0x00000007be400000,0x00000007bfff81b8,0x00000007c0000000)
  to   space 33280K, 0% used [0x00000007bbf00000,0x00000007bbf00000,0x00000007bdf80000)
 ParOldGen       total 199168K, used 50874K [0x0000000760000000, 0x000000076c280000, 0x00000007a0000000)
  object space 199168K, 25% used [0x0000000760000000,0x00000007631ae9c8,0x000000076c280000)
 Metaspace       used 74534K, capacity 77328K, committed 77460K, reserved 1116160K
  class space    used 9659K, capacity 10317K, committed 10388K, reserved 1048576K
}
Event: 1051.204 GC heap before
{Heap before GC invocations=14 (full 3):
 PSYoungGen      total 486400K, used 486368K [0x00000007a0000000, 0x00000007c0000000, 0x00000007c0000000)
  eden space 457728K, 100% used [0x00000007a0000000,0x00000007bbf00000,0x00000007bbf00000)
  from space 28672K, 99% used [0x00000007be400000,0x00000007bfff81b8,0x00000007c0000000)
  to   space 33280K, 0% used [0x00000007bbf00000,0x00000007bbf00000,0x00000007bdf80000)
 ParOldGen       total 199168K, used 50874K [0x0000000760000000, 0x000000076c280000, 0x00000007a0000000)
  object space 199168K, 25% used [0x0000000760000000,0x00000007631ae9c8,0x000000076c280000)
 Metaspace       used 80276K, capacity 83382K, committed 83604K, reserved 1122304K
  class space    used 10344K, capacity 11078K, committed 11156K, reserved 1048576K
Event: 1051.229 GC heap after
Heap after GC invocations=14 (full 3):
 PSYoungGen      total 487936K, used 29989K [0x00000007a0000000, 0x00000007c0000000, 0x00000007c0000000)
  eden space 457728K, 0% used [0x00000007a0000000,0x00000007a0000000,0x00000007bbf00000)
  from space 30208K, 99% used [0x00000007bbf00000,0x00000007bdc494e8,0x00000007bdc80000)
  to   space 36352K, 0% used [0x00000007bdc80000,0x00000007bdc80000,0x00000007c0000000)
 ParOldGen       total 199168K, used 50882K [0x0000000760000000, 0x000000076c280000, 0x00000007a0000000)
  object space 199168K, 25% used [0x0000000760000000,0x00000007631b09c8,0x000000076c280000)
 Metaspace       used 80276K, capacity 83382K, committed 83604K, reserved 1122304K
  class space    used 10344K, capacity 11078K, committed 11156K, reserved 1048576K
}

Deoptimization events (10 events):
Event: 1429.843 Thread 0x00007f907e219800 Uncommon trap: reason=bimorphic action=maybe_recompile pc=0x000000010f90a368 method=com.google.common.collect.AbstractMapBasedMultimap$Itr.next()Ljava/lang/Object; @ 4
Event: 1429.843 Thread 0x00007f907e219800 Uncommon trap: reason=bimorphic action=maybe_recompile pc=0x000000010f90a368 method=com.google.common.collect.AbstractMapBasedMultimap$Itr.next()Ljava/lang/Object; @ 4
Event: 1429.866 Thread 0x00007f907e219800 Uncommon trap: reason=speculate_class_check action=maybe_recompile pc=0x00000001116c0e88 method=com.sun.org.apache.xerces.internal.dom.ElementNSImpl.getLocalName()Ljava/lang/String; @ 8
Event: 1429.866 Thread 0x00007f907e219800 Uncommon trap: reason=speculate_class_check action=maybe_recompile pc=0x00000001116c0e88 method=com.sun.org.apache.xerces.internal.dom.ElementNSImpl.getLocalName()Ljava/lang/String; @ 8
Event: 1429.866 Thread 0x00007f907e219800 Uncommon trap: reason=speculate_class_check action=maybe_recompile pc=0x00000001116c0e88 method=com.sun.org.apache.xerces.internal.dom.ElementNSImpl.getLocalName()Ljava/lang/String; @ 8
Event: 1429.866 Thread 0x00007f907e219800 Uncommon trap: reason=speculate_class_check action=maybe_recompile pc=0x00000001116c0e88 method=com.sun.org.apache.xerces.internal.dom.ElementNSImpl.getLocalName()Ljava/lang/String; @ 8
Event: 1429.962 Thread 0x00007f907e219800 Uncommon trap: reason=speculate_class_check action=maybe_recompile pc=0x000000010fda0f0c method=com.sun.org.apache.xerces.internal.dom.AttrImpl.getValue()Ljava/lang/String; @ 19
Event: 1429.962 Thread 0x00007f907e219800 Uncommon trap: reason=speculate_class_check action=maybe_recompile pc=0x000000010fda0f0c method=com.sun.org.apache.xerces.internal.dom.AttrImpl.getValue()Ljava/lang/String; @ 19
Event: 1429.962 Thread 0x00007f907e219800 Uncommon trap: reason=speculate_class_check action=maybe_recompile pc=0x000000010fda0f0c method=com.sun.org.apache.xerces.internal.dom.AttrImpl.getValue()Ljava/lang/String; @ 19
Event: 1429.962 Thread 0x00007f907e219800 Uncommon trap: reason=speculate_class_check action=maybe_recompile pc=0x000000010fda0f0c method=com.sun.org.apache.xerces.internal.dom.AttrImpl.getValue()Ljava/lang/String; @ 19

Classes redefined (0 events):
No events

Internal exceptions (10 events):
Event: 1429.582 Thread 0x00007f9082d29800 Exception <a 'sun/nio/fs/UnixException'> (0x00000007b0002db8) thrown at [/Volumes/android/AOSP-openjdk-git/jdk8u/hotspot/src/share/vm/prims/jni.cpp, line 709]
Event: 1429.582 Thread 0x00007f9082d29800 Exception <a 'sun/nio/fs/UnixException'> (0x00000007b0004640) thrown at [/Volumes/android/AOSP-openjdk-git/jdk8u/hotspot/src/share/vm/prims/jni.cpp, line 709]
Event: 1429.582 Thread 0x00007f9082d29800 Exception <a 'sun/nio/fs/UnixException'> (0x00000007b0006938) thrown at [/Volumes/android/AOSP-openjdk-git/jdk8u/hotspot/src/share/vm/prims/jni.cpp, line 709]
Event: 1429.582 Thread 0x00007f9082d29800 Exception <a 'sun/nio/fs/UnixException'> (0x00000007b0008238) thrown at [/Volumes/android/AOSP-openjdk-git/jdk8u/hotspot/src/share/vm/prims/jni.cpp, line 709]
Event: 1429.582 Thread 0x00007f9082d29800 Exception <a 'sun/nio/fs/UnixException'> (0x00000007b000a938) thrown at [/Volumes/android/AOSP-openjdk-git/jdk8u/hotspot/src/share/vm/prims/jni.cpp, line 709]
Event: 1429.582 Thread 0x00007f9082d29800 Exception <a 'sun/nio/fs/UnixException'> (0x00000007b000c328) thrown at [/Volumes/android/AOSP-openjdk-git/jdk8u/hotspot/src/share/vm/prims/jni.cpp, line 709]
Event: 1429.582 Thread 0x00007f9082d29800 Exception <a 'sun/nio/fs/UnixException'> (0x00000007b0010758) thrown at [/Volumes/android/AOSP-openjdk-git/jdk8u/hotspot/src/share/vm/prims/jni.cpp, line 709]
Event: 1429.582 Thread 0x00007f9082d29800 Exception <a 'sun/nio/fs/UnixException'> (0x00000007b0012108) thrown at [/Volumes/android/AOSP-openjdk-git/jdk8u/hotspot/src/share/vm/prims/jni.cpp, line 709]
Event: 1429.583 Thread 0x00007f9082d29800 Exception <a 'sun/nio/fs/UnixException'> (0x00000007b00160e0) thrown at [/Volumes/android/AOSP-openjdk-git/jdk8u/hotspot/src/share/vm/prims/jni.cpp, line 709]
Event: 1429.583 Thread 0x00007f9082d29800 Exception <a 'sun/nio/fs/UnixException'> (0x00000007b0017870) thrown at [/Volumes/android/AOSP-openjdk-git/jdk8u/hotspot/src/share/vm/prims/jni.cpp, line 709]

Events (10 events):
Event: 1430.066 Thread 0x00007f907d838000 Thread added: 0x00007f907d838000
Event: 1430.066 Thread 0x00007f907f299000 Thread added: 0x00007f907f299000
Event: 1430.067 Thread 0x00007f9081c1e800 Thread added: 0x00007f9081c1e800
Event: 1430.067 Thread 0x00007f9081860800 Thread added: 0x00007f9081860800
Event: 1430.067 Thread 0x00007f9081861000 Thread added: 0x00007f9081861000
Event: 1430.067 Thread 0x00007f907dd8c000 Thread added: 0x00007f907dd8c000
Event: 1430.067 Thread 0x00007f907dd8d000 Thread added: 0x00007f907dd8d000
Event: 1430.070 Executing VM operation: RevokeBias
Event: 1430.071 Executing VM operation: RevokeBias done
Event: 1430.117 Thread 0x00007f907d80b000 flushing nmethod 0x000000011087f610


Dynamic libraries:
0x000000000fc76000 	/System/Library/Frameworks/Cocoa.framework/Versions/A/Cocoa
0x000000000fc76000 	/System/Library/Frameworks/Security.framework/Versions/A/Security
0x000000000fc76000 	/System/Library/Frameworks/ApplicationServices.framework/Versions/A/ApplicationServices
0x000000000fc76000 	/usr/lib/libz.1.dylib
0x000000000fc76000 	/usr/lib/libSystem.B.dylib
0x000000000fc76000 	/System/Library/Frameworks/CoreFoundation.framework/Versions/A/CoreFoundation
0x000000000fc76000 	/System/Library/Frameworks/Foundation.framework/Versions/C/Foundation
0x000000000fc76000 	/usr/lib/libobjc.A.dylib
0x000000000fc76000 	/System/Library/Frameworks/AppKit.framework/Versions/C/AppKit
0x000000000fc76000 	/System/Library/Frameworks/CoreData.framework/Versions/A/CoreData
0x000000000fc76000 	/System/Library/PrivateFrameworks/RemoteViewServices.framework/Versions/A/RemoteViewServices
0x000000000fc76000 	/System/Library/PrivateFrameworks/UIFoundation.framework/Versions/A/UIFoundation
0x000000000fc76000 	/System/Library/PrivateFrameworks/DFRFoundation.framework/Versions/A/DFRFoundation
0x000000000fc76000 	/System/Library/Frameworks/Metal.framework/Versions/A/Metal
0x000000000fc76000 	/System/Library/PrivateFrameworks/DesktopServicesPriv.framework/Versions/A/DesktopServicesPriv
0x000000000fc76000 	/usr/lib/libenergytrace.dylib
0x000000000fc76000 	/System/Library/PrivateFrameworks/SkyLight.framework/Versions/A/SkyLight
0x000000000fc76000 	/System/Library/Frameworks/CoreGraphics.framework/Versions/A/CoreGraphics
0x000000000fc76000 	/usr/lib/libScreenReader.dylib
0x000000000fc76000 	/System/Library/Frameworks/Accelerate.framework/Versions/A/Accelerate
0x000000000fc76000 	/System/Library/Frameworks/IOSurface.framework/Versions/A/IOSurface
0x000000000fc76000 	/System/Library/Frameworks/AudioToolbox.framework/Versions/A/AudioToolbox
0x000000000fc76000 	/System/Library/Frameworks/AudioUnit.framework/Versions/A/AudioUnit
0x000000000fc76000 	/System/Library/PrivateFrameworks/DataDetectorsCore.framework/Versions/A/DataDetectorsCore
0x000000000fc76000 	/System/Library/Frameworks/Carbon.framework/Versions/A/Frameworks/HIToolbox.framework/Versions/A/HIToolbox
0x000000000fc76000 	/usr/lib/libicucore.A.dylib
0x000000000fc76000 	/System/Library/Frameworks/QuartzCore.framework/Versions/A/QuartzCore
0x000000000fc76000 	/System/Library/Frameworks/Carbon.framework/Versions/A/Frameworks/SpeechRecognition.framework/Versions/A/SpeechRecognition
0x000000000fc76000 	/usr/lib/libauto.dylib
0x000000000fc76000 	/usr/lib/libxml2.2.dylib
0x000000000fc76000 	/System/Library/PrivateFrameworks/CoreUI.framework/Versions/A/CoreUI
0x000000000fc76000 	/System/Library/Frameworks/CoreAudio.framework/Versions/A/CoreAudio
0x000000000fc76000 	/System/Library/Frameworks/DiskArbitration.framework/Versions/A/DiskArbitration
0x000000000fc76000 	/usr/lib/liblangid.dylib
0x000000000fc76000 	/System/Library/PrivateFrameworks/MultitouchSupport.framework/Versions/A/MultitouchSupport
0x000000000fc76000 	/System/Library/Frameworks/IOKit.framework/Versions/A/IOKit
0x000000000fc76000 	/usr/lib/libDiagnosticMessagesClient.dylib
0x000000000fc76000 	/System/Library/Frameworks/CoreServices.framework/Versions/A/CoreServices
0x000000000fc76000 	/System/Library/PrivateFrameworks/PerformanceAnalysis.framework/Versions/A/PerformanceAnalysis
0x000000000fc76000 	/System/Library/Frameworks/OpenGL.framework/Versions/A/OpenGL
0x000000000fc76000 	/System/Library/Frameworks/ColorSync.framework/Versions/A/ColorSync
0x000000000fc76000 	/System/Library/Frameworks/CoreImage.framework/Versions/A/CoreImage
0x000000000fc76000 	/System/Library/Frameworks/CoreText.framework/Versions/A/CoreText
0x000000000fc76000 	/System/Library/Frameworks/ImageIO.framework/Versions/A/ImageIO
0x000000000fc76000 	/System/Library/PrivateFrameworks/Backup.framework/Versions/A/Backup
0x000000000fc76000 	/usr/lib/libarchive.2.dylib
0x000000000fc76000 	/System/Library/Frameworks/CFNetwork.framework/Versions/A/CFNetwork
0x000000000fc76000 	/System/Library/Frameworks/SystemConfiguration.framework/Versions/A/SystemConfiguration
0x000000000fc76000 	/usr/lib/libCRFSuite.dylib
0x000000000fc76000 	/usr/lib/libc++.1.dylib
0x000000000fc76000 	/usr/lib/libc++abi.dylib
0x000000000fc76000 	/usr/lib/system/libcache.dylib
0x000000000fc76000 	/usr/lib/system/libcommonCrypto.dylib
0x000000000fc76000 	/usr/lib/system/libcompiler_rt.dylib
0x000000000fc76000 	/usr/lib/system/libcopyfile.dylib
0x000000000fc76000 	/usr/lib/system/libcorecrypto.dylib
0x000000000fc76000 	/usr/lib/system/libdispatch.dylib
0x000000000fc76000 	/usr/lib/system/libdyld.dylib
0x000000000fc76000 	/usr/lib/system/libkeymgr.dylib
0x000000000fc76000 	/usr/lib/system/liblaunch.dylib
0x000000000fc76000 	/usr/lib/system/libmacho.dylib
0x000000000fc76000 	/usr/lib/system/libquarantine.dylib
0x000000000fc76000 	/usr/lib/system/libremovefile.dylib
0x000000000fc76000 	/usr/lib/system/libsystem_asl.dylib
0x000000000fc76000 	/usr/lib/system/libsystem_blocks.dylib
0x000000000fc76000 	/usr/lib/system/libsystem_c.dylib
0x000000000fc76000 	/usr/lib/system/libsystem_configuration.dylib
0x000000000fc76000 	/usr/lib/system/libsystem_coreservices.dylib
0x000000000fc76000 	/usr/lib/system/libsystem_darwin.dylib
0x000000000fc76000 	/usr/lib/system/libsystem_dnssd.dylib
0x000000000fc76000 	/usr/lib/system/libsystem_info.dylib
0x000000000fc76000 	/usr/lib/system/libsystem_m.dylib
0x000000000fc76000 	/usr/lib/system/libsystem_malloc.dylib
0x000000000fc76000 	/usr/lib/system/libsystem_network.dylib
0x000000000fc76000 	/usr/lib/system/libsystem_networkextension.dylib
0x000000000fc76000 	/usr/lib/system/libsystem_notify.dylib
0x000000000fc76000 	/usr/lib/system/libsystem_sandbox.dylib
0x000000000fc76000 	/usr/lib/system/libsystem_secinit.dylib
0x000000000fc76000 	/usr/lib/system/libsystem_kernel.dylib
0x000000000fc76000 	/usr/lib/system/libsystem_platform.dylib
0x000000000fc76000 	/usr/lib/system/libsystem_pthread.dylib
0x000000000fc76000 	/usr/lib/system/libsystem_symptoms.dylib
0x000000000fc76000 	/usr/lib/system/libsystem_trace.dylib
0x000000000fc76000 	/usr/lib/system/libunwind.dylib
0x000000000fc76000 	/usr/lib/system/libxpc.dylib
0x000000000fc76000 	/usr/lib/closure/libclosured.dylib
0x000000000fc76000 	/usr/lib/libbsm.0.dylib
0x000000000fc76000 	/usr/lib/system/libkxld.dylib
0x000000000fc76000 	/usr/lib/libOpenScriptingUtil.dylib
0x000000000fc76000 	/usr/lib/libcoretls.dylib
0x000000000fc76000 	/usr/lib/libcoretls_cfhelpers.dylib
0x000000000fc76000 	/usr/lib/libpam.2.dylib
0x000000000fc76000 	/usr/lib/libsqlite3.dylib
0x000000000fc76000 	/usr/lib/libxar.1.dylib
0x000000000fc76000 	/usr/lib/libbz2.1.0.dylib
0x000000000fc76000 	/usr/lib/liblzma.5.dylib
0x000000000fc76000 	/usr/lib/libnetwork.dylib
0x000000000fc76000 	/usr/lib/libapple_nghttp2.dylib
0x000000000fc76000 	/usr/lib/libpcap.A.dylib
0x000000000fc76000 	/usr/lib/libboringssl.dylib
0x000000000fc76000 	/usr/lib/libusrtcp.dylib
0x000000000fc76000 	/usr/lib/libapple_crypto.dylib
0x000000000fc76000 	/System/Library/Frameworks/CoreServices.framework/Versions/A/Frameworks/FSEvents.framework/Versions/A/FSEvents
0x000000000fc76000 	/System/Library/Frameworks/CoreServices.framework/Versions/A/Frameworks/CarbonCore.framework/Versions/A/CarbonCore
0x000000000fc76000 	/System/Library/Frameworks/CoreServices.framework/Versions/A/Frameworks/Metadata.framework/Versions/A/Metadata
0x000000000fc76000 	/System/Library/Frameworks/CoreServices.framework/Versions/A/Frameworks/OSServices.framework/Versions/A/OSServices
0x000000000fc76000 	/System/Library/Frameworks/CoreServices.framework/Versions/A/Frameworks/SearchKit.framework/Versions/A/SearchKit
0x000000000fc76000 	/System/Library/Frameworks/CoreServices.framework/Versions/A/Frameworks/AE.framework/Versions/A/AE
0x000000000fc76000 	/System/Library/Frameworks/CoreServices.framework/Versions/A/Frameworks/LaunchServices.framework/Versions/A/LaunchServices
0x000000000fc76000 	/System/Library/Frameworks/CoreServices.framework/Versions/A/Frameworks/DictionaryServices.framework/Versions/A/DictionaryServices
0x000000000fc76000 	/System/Library/Frameworks/CoreServices.framework/Versions/A/Frameworks/SharedFileList.framework/Versions/A/SharedFileList
0x000000000fc76000 	/System/Library/Frameworks/NetFS.framework/Versions/A/NetFS
0x000000000fc76000 	/System/Library/PrivateFrameworks/NetAuth.framework/Versions/A/NetAuth
0x000000000fc76000 	/System/Library/PrivateFrameworks/login.framework/Versions/A/Frameworks/loginsupport.framework/Versions/A/loginsupport
0x000000000fc76000 	/System/Library/PrivateFrameworks/TCC.framework/Versions/A/TCC
0x000000000fc76000 	/usr/lib/libmecabra.dylib
0x000000000fc76000 	/System/Library/Frameworks/ApplicationServices.framework/Versions/A/Frameworks/ATS.framework/Versions/A/ATS
0x000000000fc76000 	/System/Library/Frameworks/ApplicationServices.framework/Versions/A/Frameworks/ColorSyncLegacy.framework/Versions/A/ColorSyncLegacy
0x000000000fc76000 	/System/Library/Frameworks/ApplicationServices.framework/Versions/A/Frameworks/HIServices.framework/Versions/A/HIServices
0x000000000fc76000 	/System/Library/Frameworks/ApplicationServices.framework/Versions/A/Frameworks/LangAnalysis.framework/Versions/A/LangAnalysis
0x000000000fc76000 	/System/Library/Frameworks/ApplicationServices.framework/Versions/A/Frameworks/PrintCore.framework/Versions/A/PrintCore
0x000000000fc76000 	/System/Library/Frameworks/ApplicationServices.framework/Versions/A/Frameworks/QD.framework/Versions/A/QD
0x000000000fc76000 	/System/Library/Frameworks/ApplicationServices.framework/Versions/A/Frameworks/SpeechSynthesis.framework/Versions/A/SpeechSynthesis
0x000000000fc76000 	/System/Library/Frameworks/CoreDisplay.framework/Versions/A/CoreDisplay
0x000000000fc76000 	/System/Library/Frameworks/Accelerate.framework/Versions/A/Frameworks/vImage.framework/Versions/A/vImage
0x000000000fc76000 	/System/Library/Frameworks/Accelerate.framework/Versions/A/Frameworks/vecLib.framework/Versions/A/vecLib
0x000000000fc76000 	/System/Library/Frameworks/Accelerate.framework/Versions/A/Frameworks/vecLib.framework/Versions/A/libvDSP.dylib
0x000000000fc76000 	/System/Library/Frameworks/Accelerate.framework/Versions/A/Frameworks/vecLib.framework/Versions/A/libBNNS.dylib
0x000000000fc76000 	/System/Library/Frameworks/Accelerate.framework/Versions/A/Frameworks/vecLib.framework/Versions/A/libQuadrature.dylib
0x000000000fc76000 	/System/Library/Frameworks/Accelerate.framework/Versions/A/Frameworks/vecLib.framework/Versions/A/libvMisc.dylib
0x000000000fc76000 	/System/Library/Frameworks/Accelerate.framework/Versions/A/Frameworks/vecLib.framework/Versions/A/libLAPACK.dylib
0x000000000fc76000 	/System/Library/Frameworks/Accelerate.framework/Versions/A/Frameworks/vecLib.framework/Versions/A/libBLAS.dylib
0x000000000fc76000 	/System/Library/Frameworks/Accelerate.framework/Versions/A/Frameworks/vecLib.framework/Versions/A/libLinearAlgebra.dylib
0x000000000fc76000 	/System/Library/Frameworks/Accelerate.framework/Versions/A/Frameworks/vecLib.framework/Versions/A/libSparse.dylib
0x000000000fc76000 	/System/Library/Frameworks/Accelerate.framework/Versions/A/Frameworks/vecLib.framework/Versions/A/libSparseBLAS.dylib
0x000000000fc76000 	/System/Library/PrivateFrameworks/IOAccelerator.framework/Versions/A/IOAccelerator
0x000000000fc76000 	/System/Library/PrivateFrameworks/IOPresentment.framework/Versions/A/IOPresentment
0x000000000fc76000 	/System/Library/PrivateFrameworks/DSExternalDisplay.framework/Versions/A/DSExternalDisplay
0x000000000fc76000 	/System/Library/Frameworks/OpenGL.framework/Versions/A/Libraries/libCoreFSCache.dylib
0x000000000fc76000 	/System/Library/Frameworks/CoreVideo.framework/Versions/A/CoreVideo
0x000000000fc76000 	/System/Library/PrivateFrameworks/GraphVisualizer.framework/Versions/A/GraphVisualizer
0x000000000fc76000 	/System/Library/Frameworks/MetalPerformanceShaders.framework/Versions/A/MetalPerformanceShaders
0x000000000fc76000 	/usr/lib/libFosl_dynamic.dylib
0x000000000fc76000 	/System/Library/PrivateFrameworks/FaceCore.framework/Versions/A/FaceCore
0x000000000fc76000 	/System/Library/Frameworks/OpenCL.framework/Versions/A/OpenCL
0x000000000fc76000 	/usr/lib/libcompression.dylib
0x000000000fc76000 	/System/Library/Frameworks/ApplicationServices.framework/Versions/A/Frameworks/ATS.framework/Versions/A/Resources/libFontParser.dylib
0x000000000fc76000 	/System/Library/Frameworks/ApplicationServices.framework/Versions/A/Frameworks/ATS.framework/Versions/A/Resources/libFontRegistry.dylib
0x000000000fc76000 	/System/Library/Frameworks/ImageIO.framework/Versions/A/Resources/libJPEG.dylib
0x000000000fc76000 	/System/Library/Frameworks/ImageIO.framework/Versions/A/Resources/libTIFF.dylib
0x000000000fc76000 	/System/Library/Frameworks/ImageIO.framework/Versions/A/Resources/libPng.dylib
0x000000000fc76000 	/System/Library/Frameworks/ImageIO.framework/Versions/A/Resources/libGIF.dylib
0x000000000fc76000 	/System/Library/Frameworks/ImageIO.framework/Versions/A/Resources/libJP2.dylib
0x000000000fc76000 	/System/Library/Frameworks/ImageIO.framework/Versions/A/Resources/libRadiance.dylib
0x000000000fc76000 	/System/Library/PrivateFrameworks/AppleJPEG.framework/Versions/A/AppleJPEG
0x000000000fc76000 	/System/Library/PrivateFrameworks/MetalTools.framework/Versions/A/MetalTools
0x000000000fc76000 	/System/Library/Frameworks/MetalPerformanceShaders.framework/Frameworks/MPSCore.framework/Versions/A/MPSCore
0x000000000fc76000 	/System/Library/Frameworks/MetalPerformanceShaders.framework/Frameworks/MPSImage.framework/Versions/A/MPSImage
0x000000000fc76000 	/System/Library/Frameworks/MetalPerformanceShaders.framework/Frameworks/MPSMatrix.framework/Versions/A/MPSMatrix
0x000000000fc76000 	/System/Library/Frameworks/MetalPerformanceShaders.framework/Frameworks/MPSNeuralNetwork.framework/Versions/A/MPSNeuralNetwork
0x000000000fc76000 	/System/Library/Frameworks/OpenGL.framework/Versions/A/Libraries/libGLU.dylib
0x000000000fc76000 	/System/Library/Frameworks/OpenGL.framework/Versions/A/Libraries/libGFXShared.dylib
0x000000000fc76000 	/System/Library/Frameworks/OpenGL.framework/Versions/A/Libraries/libGL.dylib
0x000000000fc76000 	/System/Library/Frameworks/OpenGL.framework/Versions/A/Libraries/libGLImage.dylib
0x000000000fc76000 	/System/Library/Frameworks/OpenGL.framework/Versions/A/Libraries/libCVMSPluginSupport.dylib
0x000000000fc76000 	/System/Library/Frameworks/OpenGL.framework/Versions/A/Libraries/libCoreVMClient.dylib
0x000000000fc76000 	/usr/lib/libcups.2.dylib
0x000000000fc76000 	/System/Library/Frameworks/Kerberos.framework/Versions/A/Kerberos
0x000000000fc76000 	/System/Library/Frameworks/GSS.framework/Versions/A/GSS
0x000000000fc76000 	/usr/lib/libresolv.9.dylib
0x000000000fc76000 	/usr/lib/libiconv.2.dylib
0x000000000fc76000 	/System/Library/PrivateFrameworks/Heimdal.framework/Versions/A/Heimdal
0x000000000fc76000 	/usr/lib/libheimdal-asn1.dylib
0x000000000fc76000 	/System/Library/Frameworks/OpenDirectory.framework/Versions/A/OpenDirectory
0x000000000fc76000 	/System/Library/PrivateFrameworks/CommonAuth.framework/Versions/A/CommonAuth
0x000000000fc76000 	/System/Library/Frameworks/OpenDirectory.framework/Versions/A/Frameworks/CFOpenDirectory.framework/Versions/A/CFOpenDirectory
0x000000000fc76000 	/System/Library/Frameworks/SecurityFoundation.framework/Versions/A/SecurityFoundation
0x000000000fc76000 	/System/Library/PrivateFrameworks/APFS.framework/Versions/A/APFS
0x000000000fc76000 	/usr/lib/libutil.dylib
0x000000000fc76000 	/System/Library/PrivateFrameworks/AppleSauce.framework/Versions/A/AppleSauce
0x000000000fc76000 	/System/Library/PrivateFrameworks/LinguisticData.framework/Versions/A/LinguisticData
0x000000000fc76000 	/usr/lib/libmarisa.dylib
0x000000000fc76000 	/System/Library/PrivateFrameworks/Lexicon.framework/Versions/A/Lexicon
0x000000000fc76000 	/usr/lib/libChineseTokenizer.dylib
0x000000000fc76000 	/usr/lib/libcmph.dylib
0x000000000fc76000 	/System/Library/PrivateFrameworks/LanguageModeling.framework/Versions/A/LanguageModeling
0x000000000fc76000 	/System/Library/PrivateFrameworks/CoreEmoji.framework/Versions/A/CoreEmoji
0x000000000fc76000 	/System/Library/Frameworks/ServiceManagement.framework/Versions/A/ServiceManagement
0x000000000fc76000 	/System/Library/PrivateFrameworks/BackgroundTaskManagement.framework/Versions/A/BackgroundTaskManagement
0x000000000fc76000 	/usr/lib/libxslt.1.dylib
0x000000000fc76000 	/System/Library/Frameworks/Carbon.framework/Versions/A/Frameworks/Ink.framework/Versions/A/Ink
0x000000000fc76000 	/System/Library/PrivateFrameworks/TextureIO.framework/Versions/A/TextureIO
0x000000000fc76000 	/usr/lib/libate.dylib
0x000000000fc76000 	/System/Library/PrivateFrameworks/CrashReporterSupport.framework/Versions/A/CrashReporterSupport
0x000000000fc76000 	/System/Library/PrivateFrameworks/Sharing.framework/Versions/A/Sharing
0x000000000fc76000 	/System/Library/PrivateFrameworks/IconServices.framework/Versions/A/IconServices
0x000000000fc76000 	/System/Library/PrivateFrameworks/ProtocolBuffer.framework/Versions/A/ProtocolBuffer
0x000000000fc76000 	/System/Library/PrivateFrameworks/Apple80211.framework/Versions/A/Apple80211
0x000000000fc76000 	/System/Library/Frameworks/CoreWLAN.framework/Versions/A/CoreWLAN
0x000000000fc76000 	/System/Library/PrivateFrameworks/CoreUtils.framework/Versions/A/CoreUtils
0x000000000fc76000 	/System/Library/Frameworks/IOBluetooth.framework/Versions/A/IOBluetooth
0x000000000fc76000 	/System/Library/PrivateFrameworks/CoreWiFi.framework/Versions/A/CoreWiFi
0x000000000fc76000 	/System/Library/Frameworks/CoreBluetooth.framework/Versions/A/CoreBluetooth
0x000000000fc76000 	/System/Library/PrivateFrameworks/SignpostNotification.framework/Versions/A/SignpostNotification
0x000000000fc76000 	/System/Library/PrivateFrameworks/DebugSymbols.framework/Versions/A/DebugSymbols
0x000000000fc76000 	/System/Library/PrivateFrameworks/CoreSymbolication.framework/Versions/A/CoreSymbolication
0x000000000fc76000 	/System/Library/PrivateFrameworks/Symbolication.framework/Versions/A/Symbolication
0x000000000fc76000 	/System/Library/PrivateFrameworks/AppleFSCompression.framework/Versions/A/AppleFSCompression
0x000000000fc76000 	/System/Library/PrivateFrameworks/SpeechRecognitionCore.framework/Versions/A/SpeechRecognitionCore
0x0000000109c00000 	/Applications/Android Studio.app/Contents/jre/jdk/Contents/Home/jre/lib/server/libjvm.dylib
0x000000000fc76000 	/usr/lib/libstdc++.6.0.9.dylib
0x0000000108bbf000 	/Applications/Android Studio.app/Contents/jre/jdk/Contents/Home/jre/lib/libverify.dylib
0x0000000108bcb000 	/Applications/Android Studio.app/Contents/jre/jdk/Contents/Home/jre/lib/libjava.dylib
0x000000010a6b1000 	/Applications/Android Studio.app/Contents/jre/jdk/Contents/Home/jre/lib/libzip.dylib
0x000000011ffd6000 	/Applications/Android Studio.app/Contents/jre/jdk/Contents/Home/jre/lib/libnet.dylib
0x00000001200b2000 	/Applications/Android Studio.app/Contents/jre/jdk/Contents/Home/jre/lib/libnio.dylib
0x000000012029b000 	/Users/annascott/.gradle/native/25/osx-amd64/libnative-platform.dylib
0x0000000120622000 	/Applications/Android Studio.app/Contents/jre/jdk/Contents/Home/jre/lib/libmanagement.dylib
0x0000000120f87000 	/Applications/Android Studio.app/Contents/jre/jdk/Contents/Home/jre/lib/libsunec.dylib
0x0000000122d10000 	/Applications/Android Studio.app/Contents/jre/jdk/Contents/Home/jre/lib/libawt.dylib
0x0000000122db4000 	/Applications/Android Studio.app/Contents/jre/jdk/Contents/Home/jre/lib/./libmlib_image.dylib
0x000000000fc76000 	/System/Library/Frameworks/JavaVM.framework/Versions/A/Frameworks/JavaNativeFoundation.framework/Versions/A/JavaNativeFoundation
0x000000000fc76000 	/System/Library/Frameworks/JavaVM.framework/Versions/A/Frameworks/JavaRuntimeSupport.framework/Versions/A/JavaRuntimeSupport
0x000000000fc76000 	/System/Library/Frameworks/JavaVM.framework/Versions/A/JavaVM
0x000000000fc76000 	/System/Library/PrivateFrameworks/JavaLaunching.framework/Versions/A/JavaLaunching
0x000000000fc76000 	/System/Library/Frameworks/Carbon.framework/Versions/A/Carbon
0x000000000fc76000 	/System/Library/Frameworks/Carbon.framework/Versions/A/Frameworks/CommonPanels.framework/Versions/A/CommonPanels
0x000000000fc76000 	/System/Library/Frameworks/Carbon.framework/Versions/A/Frameworks/Help.framework/Versions/A/Help
0x000000000fc76000 	/System/Library/Frameworks/Carbon.framework/Versions/A/Frameworks/ImageCapture.framework/Versions/A/ImageCapture
0x000000000fc76000 	/System/Library/Frameworks/Carbon.framework/Versions/A/Frameworks/OpenScripting.framework/Versions/A/OpenScripting
0x000000000fc76000 	/System/Library/Frameworks/Carbon.framework/Versions/A/Frameworks/Print.framework/Versions/A/Print
0x000000000fc76000 	/System/Library/Frameworks/Carbon.framework/Versions/A/Frameworks/SecurityHI.framework/Versions/A/SecurityHI
0x0000000123f79000 	/Applications/Android Studio.app/Contents/jre/jdk/Contents/Home/jre/lib/libawt_lwawt.dylib
0x000000011ff52000 	/Applications/Android Studio.app/Contents/jre/jdk/Contents/Home/jre/lib/./libosxapp.dylib
0x000000000fc76000 	/System/Library/Frameworks/ExceptionHandling.framework/Versions/A/ExceptionHandling

VM Arguments:
jvm_args: -Xmx1536m -Dfile.encoding=UTF-8 -Duser.country=US -Duser.language=en -Duser.variant 
java_command: org.gradle.launcher.daemon.bootstrap.GradleDaemon 4.4
java_class_path (initial): /Users/annascott/.gradle/wrapper/dists/gradle-4.4-all/9br9xq1tocpiv8o6njlyu5op1/gradle-4.4/lib/gradle-launcher-4.4.jar
Launcher Type: SUN_STANDARD

Environment Variables:
PATH=/usr/local/bin:/usr/bin:/bin:/usr/sbin:/sbin
SHELL=/bin/bash

Signal Handlers:
SIGSEGV: [libjvm.dylib+0x53f567], sa_mask[0]=11111111011111110111111111111111, sa_flags=SA_ONSTACK|SA_RESTART|SA_SIGINFO
SIGBUS: [libjvm.dylib+0x53f567], sa_mask[0]=11111111011111110111111111111111, sa_flags=SA_RESTART|SA_SIGINFO
SIGFPE: [libjvm.dylib+0x437adf], sa_mask[0]=11111111011111110111111111111111, sa_flags=SA_RESTART|SA_SIGINFO
SIGPIPE: [libjvm.dylib+0x437adf], sa_mask[0]=11111111011111110111111111111111, sa_flags=SA_RESTART|SA_SIGINFO
SIGXFSZ: [libjvm.dylib+0x437adf], sa_mask[0]=11111111011111110111111111111111, sa_flags=SA_RESTART|SA_SIGINFO
SIGILL: [libjvm.dylib+0x437adf], sa_mask[0]=11111111011111110111111111111111, sa_flags=SA_RESTART|SA_SIGINFO
SIGUSR1: SIG_DFL, sa_mask[0]=00000000000000000000000000000000, sa_flags=none
SIGUSR2: [libjvm.dylib+0x438404], sa_mask[0]=00100000000000000000000000000000, sa_flags=SA_RESTART|SA_SIGINFO
SIGHUP: [libjvm.dylib+0x4365f9], sa_mask[0]=11111111011111110111111111111111, sa_flags=SA_RESTART|SA_SIGINFO
SIGINT: [libjvm.dylib+0x4365f9], sa_mask[0]=11111111011111110111111111111111, sa_flags=SA_RESTART|SA_SIGINFO
SIGTERM: [libjvm.dylib+0x4365f9], sa_mask[0]=11111111011111110111111111111111, sa_flags=SA_RESTART|SA_SIGINFO
SIGQUIT: [libjvm.dylib+0x4365f9], sa_mask[0]=11111111011111110111111111111111, sa_flags=SA_RESTART|SA_SIGINFO


---------------  S Y S T E M  ---------------

OS:Bsduname:Darwin 17.3.0 Darwin Kernel Version 17.3.0: Thu Nov  9 18:09:22 PST 2017; root:xnu-4570.31.3~1/RELEASE_X86_64 x86_64
rlimit: STACK 8192k, CORE 0k, NPROC 1418, NOFILE 10240, AS infinity
load average:0.93 1.55 1.66

CPU:total 8 (initial active 8) (4 cores per cpu, 2 threads per core) family 6 model 94 stepping 3, cmov, cx8, fxsr, mmx, sse, sse2, sse3, ssse3, sse4.1, sse4.2, popcnt, avx, avx2, aes, clmul, erms, rtm, 3dnowpref, lzcnt, ht, tsc, tscinvbit, bmi1, bmi2, adx

Memory: 4k page, physical 16777216k(2720428k free)

/proc/meminfo:


vm_info: OpenJDK 64-Bit Server VM (25.152-b01) for bsd-amd64 JRE (1.8.0_152-release-1024-b01), built by "builder" with gcc 4.2.1 Compatible Apple LLVM 8.1.0 (clang-802.0.42)

time: Tue Jul  3 14:41:16 2018
elapsed time: 1430 seconds (0d 0h 23m 50s)

